<?xml version="1.0" encoding="UTF-8"?>
<testsuite xmlns:xsi="http://www.w3.org/2001/XMLSchema-instance" xsi:noNamespaceSchemaLocation="https://maven.apache.org/surefire/maven-surefire-plugin/xsd/surefire-test-report-3.0.xsd" version="3.0" name="PrimeiroTeste" time="2.549" tests="2" errors="0" skipped="0" failures="0">
  <properties>
[...]
</properties>
  <testcase name="testPageTitle" classname="PrimeiroTeste" time="1.603">
    <system-out><![CDATA[15:44:58.322 [main] DEBUG io.netty.util.internal.logging.InternalLoggerFactory - Using SLF4J as the default logging framework
15:44:58.327 [main] DEBUG io.netty.util.ResourceLeakDetector - -Dio.netty.leakDetection.level: simple
15:44:58.327 [main] DEBUG io.netty.util.ResourceLeakDetector - -Dio.netty.leakDetection.targetRecords: 4
15:44:58.331 [main] DEBUG io.netty.util.ResourceLeakDetectorFactory - Loaded default ResourceLeakDetector: io.netty.util.ResourceLeakDetector@6ea2bc93
15:44:58.343 [main] DEBUG io.netty.util.internal.PlatformDependent0 - -Dio.netty.noUnsafe: false
15:44:58.343 [main] DEBUG io.netty.util.internal.PlatformDependent0 - Java version: 20
15:44:58.344 [main] DEBUG io.netty.util.internal.PlatformDependent0 - sun.misc.Unsafe.theUnsafe: available
15:44:58.345 [main] DEBUG io.netty.util.internal.PlatformDependent0 - sun.misc.Unsafe.copyMemory: available
15:44:58.345 [main] DEBUG io.netty.util.internal.PlatformDependent0 - sun.misc.Unsafe.storeFence: available
15:44:58.346 [main] DEBUG io.netty.util.internal.PlatformDependent0 - java.nio.Buffer.address: available
15:44:58.346 [main] DEBUG io.netty.util.internal.PlatformDependent0 - direct buffer constructor: unavailable: Reflective setAccessible(true) disabled
15:44:58.346 [main] DEBUG io.netty.util.internal.PlatformDependent0 - java.nio.Bits.unaligned: available, true
15:44:58.347 [main] DEBUG io.netty.util.internal.PlatformDependent0 - jdk.internal.misc.Unsafe.allocateUninitializedArray(int): unavailable: class io.netty.util.internal.PlatformDependent0$7 cannot access class jdk.internal.misc.Unsafe (in module java.base) because module java.base does not export jdk.internal.misc to unnamed module @166fa74d
15:44:58.348 [main] DEBUG io.netty.util.internal.PlatformDependent0 - java.nio.DirectByteBuffer.<init>(long, int): unavailable
15:44:58.348 [main] DEBUG io.netty.util.internal.PlatformDependent - sun.misc.Unsafe: available
15:44:58.349 [main] DEBUG io.netty.util.internal.PlatformDependent - maxDirectMemory: 6434062336 bytes (maybe)
15:44:58.349 [main] DEBUG io.netty.util.internal.PlatformDependent - -Dio.netty.tmpdir: C:\Users\lglaj\AppData\Local\Temp (java.io.tmpdir)
15:44:58.349 [main] DEBUG io.netty.util.internal.PlatformDependent - -Dio.netty.bitMode: 64 (sun.arch.data.model)
15:44:58.349 [main] DEBUG io.netty.util.internal.PlatformDependent - Platform: Windows
15:44:58.350 [main] DEBUG io.netty.util.internal.PlatformDependent - -Dio.netty.maxDirectMemory: -1 bytes
15:44:58.350 [main] DEBUG io.netty.util.internal.PlatformDependent - -Dio.netty.uninitializedArrayAllocationThreshold: -1
15:44:58.351 [main] DEBUG io.netty.util.internal.CleanerJava9 - java.nio.ByteBuffer.cleaner(): available
15:44:58.351 [main] DEBUG io.netty.util.internal.PlatformDependent - -Dio.netty.noPreferDirect: false
15:44:58.360 [main] DEBUG io.netty.util.internal.PlatformDependent - org.jctools-core.MpscChunkedArrayQueue: available
15:44:58.374 [main] DEBUG io.netty.util.internal.InternalThreadLocalMap - -Dio.netty.threadLocalMap.stringBuilder.initialSize: 1024
15:44:58.374 [main] DEBUG io.netty.util.internal.InternalThreadLocalMap - -Dio.netty.threadLocalMap.stringBuilder.maxSize: 4096
15:44:58.535 [main] DEBUG io.netty.handler.ssl.JdkSslContext - Default protocols (JDK): [TLSv1.3, TLSv1.2] 
15:44:58.535 [main] DEBUG io.netty.handler.ssl.JdkSslContext - Default cipher suites (JDK): [TLS_ECDHE_ECDSA_WITH_AES_256_GCM_SHA384, TLS_ECDHE_ECDSA_WITH_AES_128_GCM_SHA256, TLS_ECDHE_RSA_WITH_AES_128_GCM_SHA256, TLS_ECDHE_RSA_WITH_AES_256_GCM_SHA384, TLS_ECDHE_RSA_WITH_AES_128_CBC_SHA, TLS_ECDHE_RSA_WITH_AES_256_CBC_SHA, TLS_RSA_WITH_AES_128_GCM_SHA256, TLS_RSA_WITH_AES_128_CBC_SHA, TLS_RSA_WITH_AES_256_CBC_SHA, TLS_AES_128_GCM_SHA256, TLS_AES_256_GCM_SHA384]
15:44:58.543 [main] DEBUG io.netty.util.concurrent.GlobalEventExecutor - -Dio.netty.globalEventExecutor.quietPeriodSeconds: 1
15:44:58.551 [main] DEBUG io.netty.channel.MultithreadEventLoopGroup - -Dio.netty.eventLoopThreads: 24
15:44:58.559 [main] DEBUG io.netty.channel.nio.NioEventLoop - -Dio.netty.noKeySetOptimization: false
15:44:58.559 [main] DEBUG io.netty.channel.nio.NioEventLoop - -Dio.netty.selectorAutoRebuildThreshold: 512
15:44:58.607 [main] DEBUG io.netty.buffer.PooledByteBufAllocator - -Dio.netty.allocator.numHeapArenas: 24
15:44:58.607 [main] DEBUG io.netty.buffer.PooledByteBufAllocator - -Dio.netty.allocator.numDirectArenas: 24
15:44:58.607 [main] DEBUG io.netty.buffer.PooledByteBufAllocator - -Dio.netty.allocator.pageSize: 8192
15:44:58.607 [main] DEBUG io.netty.buffer.PooledByteBufAllocator - -Dio.netty.allocator.maxOrder: 9
15:44:58.607 [main] DEBUG io.netty.buffer.PooledByteBufAllocator - -Dio.netty.allocator.chunkSize: 4194304
15:44:58.607 [main] DEBUG io.netty.buffer.PooledByteBufAllocator - -Dio.netty.allocator.smallCacheSize: 256
15:44:58.607 [main] DEBUG io.netty.buffer.PooledByteBufAllocator - -Dio.netty.allocator.normalCacheSize: 64
15:44:58.607 [main] DEBUG io.netty.buffer.PooledByteBufAllocator - -Dio.netty.allocator.maxCachedBufferCapacity: 32768
15:44:58.607 [main] DEBUG io.netty.buffer.PooledByteBufAllocator - -Dio.netty.allocator.cacheTrimInterval: 8192
15:44:58.607 [main] DEBUG io.netty.buffer.PooledByteBufAllocator - -Dio.netty.allocator.cacheTrimIntervalMillis: 0
15:44:58.607 [main] DEBUG io.netty.buffer.PooledByteBufAllocator - -Dio.netty.allocator.useCacheForAllThreads: false
15:44:58.607 [main] DEBUG io.netty.buffer.PooledByteBufAllocator - -Dio.netty.allocator.maxCachedByteBuffersPerChunk: 1023
15:44:58.616 [main] DEBUG io.netty.buffer.ByteBufUtil - -Dio.netty.allocator.type: pooled
15:44:58.616 [main] DEBUG io.netty.buffer.ByteBufUtil - -Dio.netty.threadLocalDirectBufferSize: 0
15:44:58.616 [main] DEBUG io.netty.buffer.ByteBufUtil - -Dio.netty.maxThreadLocalCharBufferSize: 16384
15:44:58.825 [Forwarding newSession on session null to remote] DEBUG io.netty.channel.DefaultChannelId - -Dio.netty.processId: 27948 (auto-detected)
15:44:58.826 [Forwarding newSession on session null to remote] DEBUG io.netty.util.NetUtil - -Djava.net.preferIPv4Stack: false
15:44:58.827 [Forwarding newSession on session null to remote] DEBUG io.netty.util.NetUtil - -Djava.net.preferIPv6Addresses: false
15:44:58.832 [Forwarding newSession on session null to remote] DEBUG io.netty.util.NetUtilInitializations - Loopback interface: lo (Software Loopback Interface 1, 127.0.0.1)
15:44:58.832 [Forwarding newSession on session null to remote] DEBUG io.netty.util.NetUtil - Failed to get SOMAXCONN from sysctl and file \proc\sys\net\core\somaxconn. Default: 200
15:44:58.839 [Forwarding newSession on session null to remote] DEBUG io.netty.channel.DefaultChannelId - -Dio.netty.machineId: 2c:f0:5d:ff:fe:92:0b:15 (auto-detected)
15:44:58.873 [AsyncHttpClient-1-2] DEBUG io.netty.buffer.AbstractByteBuf - -Dio.netty.buffer.checkAccessible: true
15:44:58.873 [AsyncHttpClient-1-2] DEBUG io.netty.buffer.AbstractByteBuf - -Dio.netty.buffer.checkBounds: true
15:44:58.873 [AsyncHttpClient-1-2] DEBUG io.netty.util.ResourceLeakDetectorFactory - Loaded default ResourceLeakDetector: io.netty.util.ResourceLeakDetector@62c51698
15:44:58.886 [AsyncHttpClient-1-2] DEBUG org.asynchttpclient.netty.channel.NettyConnectListener - Using new Channel '[id: 0x1d3601c5, L:/127.0.0.1:51568 - R:localhost/127.0.0.1:10722]' for 'POST' to '/session'
15:44:58.897 [AsyncHttpClient-1-2] DEBUG io.netty.util.Recycler - -Dio.netty.recycler.maxCapacityPerThread: 4096
15:44:58.897 [AsyncHttpClient-1-2] DEBUG io.netty.util.Recycler - -Dio.netty.recycler.ratio: 8
15:44:58.897 [AsyncHttpClient-1-2] DEBUG io.netty.util.Recycler - -Dio.netty.recycler.chunkSize: 32
15:44:58.897 [AsyncHttpClient-1-2] DEBUG io.netty.util.Recycler - -Dio.netty.recycler.blocking: false
15:44:58.897 [AsyncHttpClient-1-2] DEBUG io.netty.util.Recycler - -Dio.netty.recycler.batchFastThreadLocalOnly: true
15:44:59.447 [AsyncHttpClient-1-2] DEBUG io.netty.handler.codec.compression.Brotli - brotli4j not in the classpath; Brotli support will be unavailable.
15:44:59.447 [AsyncHttpClient-1-2] DEBUG org.asynchttpclient.netty.handler.HttpHandler - 

Request DefaultHttpRequest(decodeResult: success, version: HTTP/1.1)
POST /session HTTP/1.1
User-Agent: selenium/4.9.0 (java windows)
Content-Length: 254
Content-Type: application/json; charset=utf-8
host: localhost:10722
accept: */*

Response DefaultHttpResponse(decodeResult: success, version: HTTP/1.1)
HTTP/1.1 200 OK
Content-Length: 859
Content-Type: application/json; charset=utf-8
cache-control: no-cache

15:44:59.451 [AsyncHttpClient-1-2] DEBUG org.asynchttpclient.netty.channel.ChannelManager - Adding key: http://localhost:10722 for channel [id: 0x1d3601c5, L:/127.0.0.1:51568 - R:localhost/127.0.0.1:10722]
15:44:59.508 [AsyncHttpClient-1-3] DEBUG org.asynchttpclient.netty.channel.NettyConnectListener - Using new Channel '[id: 0xf80b83e7, L:/127.0.0.1:51576 - R:localhost/127.0.0.1:51569]' for 'GET' to '/json/version'
15:44:59.512 [AsyncHttpClient-1-3] DEBUG org.asynchttpclient.netty.handler.HttpHandler - 

Request DefaultFullHttpRequest(decodeResult: success, version: HTTP/1.1, content: EmptyByteBufBE)
GET /json/version HTTP/1.1
User-Agent: selenium/4.9.0 (java windows)
host: localhost:51569
accept: */*

Response DefaultHttpResponse(decodeResult: success, version: HTTP/1.1)
HTTP/1.1 200 OK
Content-Security-Policy: frame-ancestors 'none'
Content-Length: 422
Content-Type: application/json; charset=UTF-8

15:44:59.512 [AsyncHttpClient-1-3] DEBUG org.asynchttpclient.netty.channel.ChannelManager - Adding key: http://localhost:51569 for channel [id: 0xf80b83e7, L:/127.0.0.1:51576 - R:localhost/127.0.0.1:51569]
15:44:59.519 [main] DEBUG io.netty.util.internal.ThreadLocalRandom - -Dio.netty.initialSeedUniquifier: 0x9170c725c81bcc27
15:44:59.522 [AsyncHttpClient-1-4] DEBUG org.asynchttpclient.netty.channel.NettyConnectListener - Using new Channel '[id: 0xda5e6e24, L:/127.0.0.1:51577 - R:localhost/127.0.0.1:51569]' for 'GET' to '/devtools/browser/f9f601fa-b1d5-45f6-8cf9-b6e4017be887'
15:44:59.524 [AsyncHttpClient-1-4] DEBUG org.asynchttpclient.netty.handler.WebSocketHandler - 

Request DefaultFullHttpRequest(decodeResult: success, version: HTTP/1.1, content: EmptyByteBufBE)
GET /devtools/browser/f9f601fa-b1d5-45f6-8cf9-b6e4017be887 HTTP/1.1
upgrade: websocket
connection: upgrade
sec-websocket-key: f6QYg4pKFR5Al+bvVKRMhQ==
sec-websocket-version: 13
origin: http://localhost:51569
host: localhost:51569
accept: */*
user-agent: AHC/2.1

Response DefaultHttpResponse(decodeResult: success, version: HTTP/1.1)
HTTP/1.1 101 WebSocket Protocol Handshake
Upgrade: WebSocket
Connection: Upgrade
Sec-WebSocket-Accept: TuP1t3HI6qwCXSTVsOfJSAsNnTU=

15:44:59.571 [Forwarding get on session 417941710dffe94fcce5056cd12879b0 to remote] DEBUG org.asynchttpclient.netty.request.NettyRequestSender - Using pooled Channel '[id: 0x1d3601c5, L:/127.0.0.1:51568 - R:localhost/127.0.0.1:10722]' for 'POST' to 'http://localhost:10722/session/417941710dffe94fcce5056cd12879b0/url'
15:44:59.572 [Forwarding get on session 417941710dffe94fcce5056cd12879b0 to remote] DEBUG org.asynchttpclient.netty.request.NettyRequestSender - Using open Channel [id: 0x1d3601c5, L:/127.0.0.1:51568 - R:localhost/127.0.0.1:10722] for POST '/session/417941710dffe94fcce5056cd12879b0/url'
15:44:59.572 [AsyncHttpClient-1-1] DEBUG org.asynchttpclient.netty.channel.DefaultChannelPool - Entry count for : http://localhost:51569 : 1
15:44:59.643 [AsyncHttpClient-1-2] DEBUG org.asynchttpclient.netty.handler.HttpHandler - 

Request DefaultHttpRequest(decodeResult: success, version: HTTP/1.1)
POST /session/417941710dffe94fcce5056cd12879b0/url HTTP/1.1
User-Agent: selenium/4.9.0 (java windows)
Content-Length: 68
Content-Type: application/json; charset=utf-8
host: localhost:10722
accept: */*

Response DefaultHttpResponse(decodeResult: success, version: HTTP/1.1)
HTTP/1.1 200 OK
Content-Length: 14
Content-Type: application/json; charset=utf-8
cache-control: no-cache

15:44:59.644 [AsyncHttpClient-1-2] DEBUG org.asynchttpclient.netty.channel.ChannelManager - Adding key: http://localhost:10722 for channel [id: 0x1d3601c5, L:/127.0.0.1:51568 - R:localhost/127.0.0.1:10722]
15:44:59.647 [Forwarding getTitle on session 417941710dffe94fcce5056cd12879b0 to remote] DEBUG org.asynchttpclient.netty.request.NettyRequestSender - Using pooled Channel '[id: 0x1d3601c5, L:/127.0.0.1:51568 - R:localhost/127.0.0.1:10722]' for 'GET' to 'http://localhost:10722/session/417941710dffe94fcce5056cd12879b0/title'
15:44:59.647 [Forwarding getTitle on session 417941710dffe94fcce5056cd12879b0 to remote] DEBUG org.asynchttpclient.netty.request.NettyRequestSender - Using open Channel [id: 0x1d3601c5, L:/127.0.0.1:51568 - R:localhost/127.0.0.1:10722] for GET '/session/417941710dffe94fcce5056cd12879b0/title'
15:44:59.652 [AsyncHttpClient-1-2] DEBUG org.asynchttpclient.netty.handler.HttpHandler - 

Request DefaultFullHttpRequest(decodeResult: success, version: HTTP/1.1, content: EmptyByteBufBE)
GET /session/417941710dffe94fcce5056cd12879b0/title HTTP/1.1
User-Agent: selenium/4.9.0 (java windows)
Cache-Control: no-cache
Content-Type: application/json; charset=utf-8
host: localhost:10722
accept: */*

Response DefaultHttpResponse(decodeResult: success, version: HTTP/1.1)
HTTP/1.1 200 OK
Content-Length: 24
Content-Type: application/json; charset=utf-8
cache-control: no-cache

15:44:59.653 [AsyncHttpClient-1-2] DEBUG org.asynchttpclient.netty.channel.ChannelManager - Adding key: http://localhost:10722 for channel [id: 0x1d3601c5, L:/127.0.0.1:51568 - R:localhost/127.0.0.1:10722]
15:44:59.659 [Driver Command Executor] DEBUG org.asynchttpclient.netty.request.NettyRequestSender - Using pooled Channel '[id: 0x1d3601c5, L:/127.0.0.1:51568 - R:localhost/127.0.0.1:10722]' for 'DELETE' to 'http://localhost:10722/session/417941710dffe94fcce5056cd12879b0'
15:44:59.659 [Driver Command Executor] DEBUG org.asynchttpclient.netty.request.NettyRequestSender - Using open Channel [id: 0x1d3601c5, L:/127.0.0.1:51568 - R:localhost/127.0.0.1:10722] for DELETE '/session/417941710dffe94fcce5056cd12879b0'
15:44:59.661 [AsyncHttpClient-1-4] DEBUG org.asynchttpclient.netty.handler.WebSocketHandler - Channel Closed: [id: 0xda5e6e24, L:/127.0.0.1:51577 ! R:localhost/127.0.0.1:51569] with attribute NettyResponseFuture{currentRetry=0,
	isDone=1,
	isCancelled=0,
	asyncHandler=org.asynchttpclient.ws.WebSocketUpgradeHandler@8bef894,
	nettyRequest=org.asynchttpclient.netty.request.NettyRequest@13a17eaa,
	future=java.util.concurrent.CompletableFuture@4335d158[Completed normally],
	uri=ws://localhost:51569/devtools/browser/f9f601fa-b1d5-45f6-8cf9-b6e4017be887,
	keepAlive=true,
	redirectCount=0,
	timeoutsHolder=null,
	inAuth=0,
	touch=1683830699532}
15:44:59.661 [AsyncHttpClient-1-4] DEBUG org.asynchttpclient.netty.channel.ChannelManager - Closing Channel [id: 0xda5e6e24, L:/127.0.0.1:51577 ! R:localhost/127.0.0.1:51569] 
15:44:59.688 [AsyncHttpClient-1-3] DEBUG org.asynchttpclient.netty.handler.HttpHandler - Unexpected I/O exception on channel [id: 0xf80b83e7, L:/127.0.0.1:51576 - R:localhost/127.0.0.1:51569]
java.net.SocketException: Connection reset
	at java.base/sun.nio.ch.SocketChannelImpl.throwConnectionReset(SocketChannelImpl.java:401)
	at java.base/sun.nio.ch.SocketChannelImpl.read(SocketChannelImpl.java:434)
	at io.netty.buffer.PooledByteBuf.setBytes(PooledByteBuf.java:256)
	at io.netty.buffer.AbstractByteBuf.writeBytes(AbstractByteBuf.java:1132)
	at io.netty.channel.socket.nio.NioSocketChannel.doReadBytes(NioSocketChannel.java:357)
	at io.netty.channel.nio.AbstractNioByteChannel$NioByteUnsafe.read(AbstractNioByteChannel.java:151)
	at io.netty.channel.nio.NioEventLoop.processSelectedKey(NioEventLoop.java:788)
	at io.netty.channel.nio.NioEventLoop.processSelectedKeysOptimized(NioEventLoop.java:724)
	at io.netty.channel.nio.NioEventLoop.processSelectedKeys(NioEventLoop.java:650)
	at io.netty.channel.nio.NioEventLoop.run(NioEventLoop.java:562)
	at io.netty.util.concurrent.SingleThreadEventExecutor$4.run(SingleThreadEventExecutor.java:997)
	at io.netty.util.internal.ThreadExecutorMap$2.run(ThreadExecutorMap.java:74)
	at io.netty.util.concurrent.FastThreadLocalRunnable.run(FastThreadLocalRunnable.java:30)
	at java.base/java.lang.Thread.run(Thread.java:1623)
15:44:59.688 [AsyncHttpClient-1-3] DEBUG org.asynchttpclient.netty.channel.ChannelManager - Closing Channel [id: 0xf80b83e7, L:/127.0.0.1:51576 - R:localhost/127.0.0.1:51569] 
15:44:59.689 [AsyncHttpClient-1-3] DEBUG org.asynchttpclient.netty.handler.HttpHandler - Channel Closed: [id: 0xf80b83e7, L:/127.0.0.1:51576 ! R:localhost/127.0.0.1:51569] with attribute DISCARD
15:44:59.696 [AsyncHttpClient-1-2] DEBUG org.asynchttpclient.netty.handler.HttpHandler - 

Request DefaultFullHttpRequest(decodeResult: success, version: HTTP/1.1, content: EmptyByteBufBE)
DELETE /session/417941710dffe94fcce5056cd12879b0 HTTP/1.1
User-Agent: selenium/4.9.0 (java windows)
Content-Type: application/json; charset=utf-8
host: localhost:10722
accept: */*

Response DefaultHttpResponse(decodeResult: success, version: HTTP/1.1)
HTTP/1.1 200 OK
Content-Length: 14
Content-Type: application/json; charset=utf-8
cache-control: no-cache

15:44:59.697 [AsyncHttpClient-1-2] DEBUG org.asynchttpclient.netty.channel.ChannelManager - Adding key: http://localhost:10722 for channel [id: 0x1d3601c5, L:/127.0.0.1:51568 - R:localhost/127.0.0.1:10722]
15:44:59.743 [AsyncHttpClient-1-2] DEBUG org.asynchttpclient.netty.handler.HttpHandler - Channel Closed: [id: 0x1d3601c5, L:/127.0.0.1:51568 ! R:localhost/127.0.0.1:10722] with attribute DISCARD
]]></system-out>
    <system-err><![CDATA[Starting ChromeDriver 113.0.5672.63 (0e1a4471d5ae5bf128b1bd8f4d627c8cbd55f70c-refs/branch-heads/5672@{#912}) on port 10722
Only local connections are allowed.
Please see https://chromedriver.chromium.org/security-considerations for suggestions on keeping ChromeDriver safe.
ChromeDriver was started successfully.
mai. 11, 2023 3:44:59 PM org.openqa.selenium.devtools.CdpVersionFinder findNearestMatch
WARNING: Unable to find an exact match for CDP version 113, so returning the closest version found: 112
]]></system-err>
  </testcase>
  <testcase name="testHelloWorld" classname="PrimeiroTeste" time="0.933">
    <system-out><![CDATA[15:44:59.861 [AsyncHttpClient-1-5] DEBUG org.asynchttpclient.netty.channel.NettyConnectListener - Using new Channel '[id: 0x5ad8ac83, L:/127.0.0.1:51587 - R:localhost/127.0.0.1:1507]' for 'POST' to '/session'
15:45:00.409 [AsyncHttpClient-1-5] DEBUG org.asynchttpclient.netty.handler.HttpHandler - 

Request DefaultHttpRequest(decodeResult: success, version: HTTP/1.1)
POST /session HTTP/1.1
User-Agent: selenium/4.9.0 (java windows)
Content-Length: 254
Content-Type: application/json; charset=utf-8
host: localhost:1507
accept: */*

Response DefaultHttpResponse(decodeResult: success, version: HTTP/1.1)
HTTP/1.1 200 OK
Content-Length: 858
Content-Type: application/json; charset=utf-8
cache-control: no-cache

15:45:00.409 [AsyncHttpClient-1-5] DEBUG org.asynchttpclient.netty.channel.ChannelManager - Adding key: http://localhost:1507 for channel [id: 0x5ad8ac83, L:/127.0.0.1:51587 - R:localhost/127.0.0.1:1507]
15:45:00.419 [AsyncHttpClient-1-6] DEBUG org.asynchttpclient.netty.channel.NettyConnectListener - Using new Channel '[id: 0xce225c37, L:/127.0.0.1:51594 - R:localhost/127.0.0.1:51588]' for 'GET' to '/json/version'
15:45:00.420 [AsyncHttpClient-1-6] DEBUG org.asynchttpclient.netty.handler.HttpHandler - 

Request DefaultFullHttpRequest(decodeResult: success, version: HTTP/1.1, content: EmptyByteBufBE)
GET /json/version HTTP/1.1
User-Agent: selenium/4.9.0 (java windows)
host: localhost:51588
accept: */*

Response DefaultHttpResponse(decodeResult: success, version: HTTP/1.1)
HTTP/1.1 200 OK
Content-Security-Policy: frame-ancestors 'none'
Content-Length: 422
Content-Type: application/json; charset=UTF-8

15:45:00.421 [AsyncHttpClient-1-6] DEBUG org.asynchttpclient.netty.channel.ChannelManager - Adding key: http://localhost:51588 for channel [id: 0xce225c37, L:/127.0.0.1:51594 - R:localhost/127.0.0.1:51588]
15:45:00.423 [AsyncHttpClient-1-7] DEBUG org.asynchttpclient.netty.channel.NettyConnectListener - Using new Channel '[id: 0xa4027a3f, L:/127.0.0.1:51595 - R:localhost/127.0.0.1:51588]' for 'GET' to '/devtools/browser/8dd27974-d2f4-4855-a8f7-e50d1944b35b'
15:45:00.424 [AsyncHttpClient-1-7] DEBUG org.asynchttpclient.netty.handler.WebSocketHandler - 

Request DefaultFullHttpRequest(decodeResult: success, version: HTTP/1.1, content: EmptyByteBufBE)
GET /devtools/browser/8dd27974-d2f4-4855-a8f7-e50d1944b35b HTTP/1.1
upgrade: websocket
connection: upgrade
sec-websocket-key: pwXPPkoGoFUOcC/XyHHDjw==
sec-websocket-version: 13
origin: http://localhost:51588
host: localhost:51588
accept: */*
user-agent: AHC/2.1

Response DefaultHttpResponse(decodeResult: success, version: HTTP/1.1)
HTTP/1.1 101 WebSocket Protocol Handshake
Upgrade: WebSocket
Connection: Upgrade
Sec-WebSocket-Accept: MnYqO5NajNBJqykFT7zJ8LjtL7M=

15:45:00.430 [Forwarding get on session 6e7da15b74f0c6e5335dbba627d072fa to remote] DEBUG org.asynchttpclient.netty.request.NettyRequestSender - Using pooled Channel '[id: 0x5ad8ac83, L:/127.0.0.1:51587 - R:localhost/127.0.0.1:1507]' for 'POST' to 'http://localhost:1507/session/6e7da15b74f0c6e5335dbba627d072fa/url'
15:45:00.430 [Forwarding get on session 6e7da15b74f0c6e5335dbba627d072fa to remote] DEBUG org.asynchttpclient.netty.request.NettyRequestSender - Using open Channel [id: 0x5ad8ac83, L:/127.0.0.1:51587 - R:localhost/127.0.0.1:1507] for POST '/session/6e7da15b74f0c6e5335dbba627d072fa/url'
15:45:00.491 [AsyncHttpClient-1-5] DEBUG org.asynchttpclient.netty.handler.HttpHandler - 

Request DefaultHttpRequest(decodeResult: success, version: HTTP/1.1)
POST /session/6e7da15b74f0c6e5335dbba627d072fa/url HTTP/1.1
User-Agent: selenium/4.9.0 (java windows)
Content-Length: 68
Content-Type: application/json; charset=utf-8
host: localhost:1507
accept: */*

Response DefaultHttpResponse(decodeResult: success, version: HTTP/1.1)
HTTP/1.1 200 OK
Content-Length: 14
Content-Type: application/json; charset=utf-8
cache-control: no-cache

15:45:00.491 [AsyncHttpClient-1-5] DEBUG org.asynchttpclient.netty.channel.ChannelManager - Adding key: http://localhost:1507 for channel [id: 0x5ad8ac83, L:/127.0.0.1:51587 - R:localhost/127.0.0.1:1507]
15:45:00.495 [Forwarding findElement on session 6e7da15b74f0c6e5335dbba627d072fa to remote] DEBUG org.asynchttpclient.netty.request.NettyRequestSender - Using pooled Channel '[id: 0x5ad8ac83, L:/127.0.0.1:51587 - R:localhost/127.0.0.1:1507]' for 'POST' to 'http://localhost:1507/session/6e7da15b74f0c6e5335dbba627d072fa/element'
15:45:00.495 [Forwarding findElement on session 6e7da15b74f0c6e5335dbba627d072fa to remote] DEBUG org.asynchttpclient.netty.request.NettyRequestSender - Using open Channel [id: 0x5ad8ac83, L:/127.0.0.1:51587 - R:localhost/127.0.0.1:1507] for POST '/session/6e7da15b74f0c6e5335dbba627d072fa/element'
15:45:00.506 [AsyncHttpClient-1-5] DEBUG org.asynchttpclient.netty.handler.HttpHandler - 

Request DefaultHttpRequest(decodeResult: success, version: HTTP/1.1)
POST /session/6e7da15b74f0c6e5335dbba627d072fa/element HTTP/1.1
User-Agent: selenium/4.9.0 (java windows)
Content-Length: 42
Content-Type: application/json; charset=utf-8
host: localhost:1507
accept: */*

Response DefaultHttpResponse(decodeResult: success, version: HTTP/1.1)
HTTP/1.1 200 OK
Content-Length: 94
Content-Type: application/json; charset=utf-8
cache-control: no-cache

15:45:00.507 [AsyncHttpClient-1-5] DEBUG org.asynchttpclient.netty.channel.ChannelManager - Adding key: http://localhost:1507 for channel [id: 0x5ad8ac83, L:/127.0.0.1:51587 - R:localhost/127.0.0.1:1507]
15:45:00.511 [Forwarding getElementText on session 6e7da15b74f0c6e5335dbba627d072fa to remote] DEBUG org.asynchttpclient.netty.request.NettyRequestSender - Using pooled Channel '[id: 0x5ad8ac83, L:/127.0.0.1:51587 - R:localhost/127.0.0.1:1507]' for 'GET' to 'http://localhost:1507/session/6e7da15b74f0c6e5335dbba627d072fa/element/6D43D4E472DE0313F0FE2807F0185562_element_2/text'
15:45:00.511 [Forwarding getElementText on session 6e7da15b74f0c6e5335dbba627d072fa to remote] DEBUG org.asynchttpclient.netty.request.NettyRequestSender - Using open Channel [id: 0x5ad8ac83, L:/127.0.0.1:51587 - R:localhost/127.0.0.1:1507] for GET '/session/6e7da15b74f0c6e5335dbba627d072fa/element/6D43D4E472DE0313F0FE2807F0185562_element_2/text'
15:45:00.529 [AsyncHttpClient-1-5] DEBUG org.asynchttpclient.netty.handler.HttpHandler - 

Request DefaultFullHttpRequest(decodeResult: success, version: HTTP/1.1, content: EmptyByteBufBE)
GET /session/6e7da15b74f0c6e5335dbba627d072fa/element/6D43D4E472DE0313F0FE2807F0185562_element_2/text HTTP/1.1
User-Agent: selenium/4.9.0 (java windows)
Cache-Control: no-cache
Content-Type: application/json; charset=utf-8
host: localhost:1507
accept: */*

Response DefaultHttpResponse(decodeResult: success, version: HTTP/1.1)
HTTP/1.1 200 OK
Content-Length: 24
Content-Type: application/json; charset=utf-8
cache-control: no-cache

15:45:00.529 [AsyncHttpClient-1-5] DEBUG org.asynchttpclient.netty.channel.ChannelManager - Adding key: http://localhost:1507 for channel [id: 0x5ad8ac83, L:/127.0.0.1:51587 - R:localhost/127.0.0.1:1507]
15:45:00.530 [AsyncHttpClient-1-7] DEBUG org.asynchttpclient.netty.handler.WebSocketHandler - Channel Closed: [id: 0xa4027a3f, L:/127.0.0.1:51595 ! R:localhost/127.0.0.1:51588] with attribute NettyResponseFuture{currentRetry=0,
	isDone=1,
	isCancelled=0,
	asyncHandler=org.asynchttpclient.ws.WebSocketUpgradeHandler@4795ddfe,
	nettyRequest=org.asynchttpclient.netty.request.NettyRequest@2974b68,
	future=java.util.concurrent.CompletableFuture@226e4472[Completed normally],
	uri=ws://localhost:51588/devtools/browser/8dd27974-d2f4-4855-a8f7-e50d1944b35b,
	keepAlive=true,
	redirectCount=0,
	timeoutsHolder=null,
	inAuth=0,
	touch=1683830700425}
15:45:00.530 [AsyncHttpClient-1-7] DEBUG org.asynchttpclient.netty.channel.ChannelManager - Closing Channel [id: 0xa4027a3f, L:/127.0.0.1:51595 ! R:localhost/127.0.0.1:51588] 
15:45:00.531 [Driver Command Executor] DEBUG org.asynchttpclient.netty.request.NettyRequestSender - Using pooled Channel '[id: 0x5ad8ac83, L:/127.0.0.1:51587 - R:localhost/127.0.0.1:1507]' for 'DELETE' to 'http://localhost:1507/session/6e7da15b74f0c6e5335dbba627d072fa'
15:45:00.531 [Driver Command Executor] DEBUG org.asynchttpclient.netty.request.NettyRequestSender - Using open Channel [id: 0x5ad8ac83, L:/127.0.0.1:51587 - R:localhost/127.0.0.1:1507] for DELETE '/session/6e7da15b74f0c6e5335dbba627d072fa'
15:45:00.551 [AsyncHttpClient-1-6] DEBUG org.asynchttpclient.netty.handler.HttpHandler - Unexpected I/O exception on channel [id: 0xce225c37, L:/127.0.0.1:51594 - R:localhost/127.0.0.1:51588]
java.net.SocketException: Connection reset
	at java.base/sun.nio.ch.SocketChannelImpl.throwConnectionReset(SocketChannelImpl.java:401)
	at java.base/sun.nio.ch.SocketChannelImpl.read(SocketChannelImpl.java:434)
	at io.netty.buffer.PooledByteBuf.setBytes(PooledByteBuf.java:256)
	at io.netty.buffer.AbstractByteBuf.writeBytes(AbstractByteBuf.java:1132)
	at io.netty.channel.socket.nio.NioSocketChannel.doReadBytes(NioSocketChannel.java:357)
	at io.netty.channel.nio.AbstractNioByteChannel$NioByteUnsafe.read(AbstractNioByteChannel.java:151)
	at io.netty.channel.nio.NioEventLoop.processSelectedKey(NioEventLoop.java:788)
	at io.netty.channel.nio.NioEventLoop.processSelectedKeysOptimized(NioEventLoop.java:724)
	at io.netty.channel.nio.NioEventLoop.processSelectedKeys(NioEventLoop.java:650)
	at io.netty.channel.nio.NioEventLoop.run(NioEventLoop.java:562)
	at io.netty.util.concurrent.SingleThreadEventExecutor$4.run(SingleThreadEventExecutor.java:997)
	at io.netty.util.internal.ThreadExecutorMap$2.run(ThreadExecutorMap.java:74)
	at io.netty.util.concurrent.FastThreadLocalRunnable.run(FastThreadLocalRunnable.java:30)
	at java.base/java.lang.Thread.run(Thread.java:1623)
15:45:00.552 [AsyncHttpClient-1-6] DEBUG org.asynchttpclient.netty.channel.ChannelManager - Closing Channel [id: 0xce225c37, L:/127.0.0.1:51594 - R:localhost/127.0.0.1:51588] 
15:45:00.552 [AsyncHttpClient-1-6] DEBUG org.asynchttpclient.netty.handler.HttpHandler - Channel Closed: [id: 0xce225c37, L:/127.0.0.1:51594 ! R:localhost/127.0.0.1:51588] with attribute DISCARD
15:45:00.561 [AsyncHttpClient-1-5] DEBUG org.asynchttpclient.netty.handler.HttpHandler - 

Request DefaultFullHttpRequest(decodeResult: success, version: HTTP/1.1, content: EmptyByteBufBE)
DELETE /session/6e7da15b74f0c6e5335dbba627d072fa HTTP/1.1
User-Agent: selenium/4.9.0 (java windows)
Content-Type: application/json; charset=utf-8
host: localhost:1507
accept: */*

Response DefaultHttpResponse(decodeResult: success, version: HTTP/1.1)
HTTP/1.1 200 OK
Content-Length: 14
Content-Type: application/json; charset=utf-8
cache-control: no-cache

15:45:00.562 [AsyncHttpClient-1-5] DEBUG org.asynchttpclient.netty.channel.ChannelManager - Adding key: http://localhost:1507 for channel [id: 0x5ad8ac83, L:/127.0.0.1:51587 - R:localhost/127.0.0.1:1507]
15:45:00.649 [AsyncHttpClient-1-5] DEBUG org.asynchttpclient.netty.handler.HttpHandler - Channel Closed: [id: 0x5ad8ac83, L:/127.0.0.1:51587 ! R:localhost/127.0.0.1:1507] with attribute DISCARD
15:45:00.665 [AsyncHttpClient-1-1] DEBUG org.asynchttpclient.netty.channel.DefaultChannelPool - Entry count for : http://localhost:51588 : 1
15:45:00.665 [AsyncHttpClient-1-1] DEBUG org.asynchttpclient.netty.channel.DefaultChannelPool - Entry count for : http://localhost:51569 : 1
15:45:00.665 [AsyncHttpClient-1-1] DEBUG org.asynchttpclient.netty.channel.DefaultChannelPool - Entry count for : http://localhost:10722 : 1
15:45:00.665 [AsyncHttpClient-1-1] DEBUG org.asynchttpclient.netty.channel.DefaultChannelPool - Entry count for : http://localhost:1507 : 1
15:45:00.665 [AsyncHttpClient-1-1] DEBUG org.asynchttpclient.netty.channel.DefaultChannelPool - Adding Candidate expired Channel [id: 0xce225c37, L:/127.0.0.1:51594 ! R:localhost/127.0.0.1:51588] isIdleTimeoutExpired=false isRemotelyClosed=true isTtlExpired=false
15:45:00.665 [AsyncHttpClient-1-1] DEBUG org.asynchttpclient.netty.channel.DefaultChannelPool - Closing Idle Channel [id: 0xce225c37, L:/127.0.0.1:51594 ! R:localhost/127.0.0.1:51588]
15:45:00.665 [AsyncHttpClient-1-1] DEBUG org.asynchttpclient.netty.channel.DefaultChannelPool - Adding Candidate expired Channel [id: 0xf80b83e7, L:/127.0.0.1:51576 ! R:localhost/127.0.0.1:51569] isIdleTimeoutExpired=false isRemotelyClosed=true isTtlExpired=false
15:45:00.665 [AsyncHttpClient-1-1] DEBUG org.asynchttpclient.netty.channel.DefaultChannelPool - Closing Idle Channel [id: 0xf80b83e7, L:/127.0.0.1:51576 ! R:localhost/127.0.0.1:51569]
15:45:00.666 [AsyncHttpClient-1-1] DEBUG org.asynchttpclient.netty.channel.DefaultChannelPool - Adding Candidate expired Channel [id: 0x1d3601c5, L:/127.0.0.1:51568 ! R:localhost/127.0.0.1:10722] isIdleTimeoutExpired=false isRemotelyClosed=true isTtlExpired=false
15:45:00.666 [AsyncHttpClient-1-1] DEBUG org.asynchttpclient.netty.channel.DefaultChannelPool - Closing Idle Channel [id: 0x1d3601c5, L:/127.0.0.1:51568 ! R:localhost/127.0.0.1:10722]
15:45:00.666 [AsyncHttpClient-1-1] DEBUG org.asynchttpclient.netty.channel.DefaultChannelPool - Adding Candidate expired Channel [id: 0x5ad8ac83, L:/127.0.0.1:51587 ! R:localhost/127.0.0.1:1507] isIdleTimeoutExpired=false isRemotelyClosed=true isTtlExpired=false
15:45:00.666 [AsyncHttpClient-1-1] DEBUG org.asynchttpclient.netty.channel.DefaultChannelPool - Closing Idle Channel [id: 0x5ad8ac83, L:/127.0.0.1:51587 ! R:localhost/127.0.0.1:1507]
15:45:00.666 [AsyncHttpClient-1-1] DEBUG org.asynchttpclient.netty.channel.DefaultChannelPool - Closed 4 connections out of 4 in 1 ms
]]></system-out>
    <system-err><![CDATA[Starting ChromeDriver 113.0.5672.63 (0e1a4471d5ae5bf128b1bd8f4d627c8cbd55f70c-refs/branch-heads/5672@{#912}) on port 1507
Only local connections are allowed.
Please see https://chromedriver.chromium.org/security-considerations for suggestions on keeping ChromeDriver safe.
ChromeDriver was started successfully.
mai. 11, 2023 3:45:00 PM org.openqa.selenium.devtools.CdpVersionFinder findNearestMatch
WARNING: Unable to find an exact match for CDP version 113, so returning the closest version found: 112
]]></system-err>
  </testcase>
</testsuite>